1685891816.383939 client started (504871): version 3.3a, socket /tmp/tmux-1000/default, protocol 8
1685891816.383985 on Linux 5.15.90.1-microsoft-standard-WSL2 #1 SMP Fri Jan 27 02:56:13 UTC 2023
1685891816.383992 using libevent 2.1.12-stable (poll); ncurses 6.4
1685891816.384011 flags are 0x10010000
1685891816.384017 socket is /tmp/tmux-1000/default
1685891816.384030 trying connect
1685891816.384164 add peer 0x56052a01b9f0: 6 ((nil))
1685891816.384671 sending message 100 to peer 0x56052a01b9f0 (4 bytes)
1685891816.384750 sending message 111 to peer 0x56052a01b9f0 (8 bytes)
1685891816.384771 sending message 101 to peer 0x56052a01b9f0 (16 bytes)
1685891816.384781 sending message 109 to peer 0x56052a01b9f0 (4 bytes)
1685891816.384790 sending message 102 to peer 0x56052a01b9f0 (11 bytes)
1685891816.384799 sending message 108 to peer 0x56052a01b9f0 (23 bytes)
1685891816.384806 sending message 112 to peer 0x56052a01b9f0 (70 bytes)
1685891816.384815 sending message 112 to peer 0x56052a01b9f0 (5 bytes)
1685891816.384824 sending message 112 to peer 0x56052a01b9f0 (5 bytes)
1685891816.384833 sending message 112 to peer 0x56052a01b9f0 (6 bytes)
1685891816.384841 sending message 112 to peer 0x56052a01b9f0 (6 bytes)
1685891816.384851 sending message 112 to peer 0x56052a01b9f0 (11 bytes)
1685891816.384859 sending message 112 to peer 0x56052a01b9f0 (10 bytes)
1685891816.384864 sending message 112 to peer 0x56052a01b9f0 (13 bytes)
1685891816.384869 sending message 112 to peer 0x56052a01b9f0 (13 bytes)
1685891816.384874 sending message 112 to peer 0x56052a01b9f0 (18 bytes)
1685891816.384880 sending message 112 to peer 0x56052a01b9f0 (11 bytes)
1685891816.384885 sending message 112 to peer 0x56052a01b9f0 (21 bytes)
1685891816.384890 sending message 112 to peer 0x56052a01b9f0 (13 bytes)
1685891816.384896 sending message 112 to peer 0x56052a01b9f0 (7 bytes)
1685891816.384901 sending message 112 to peer 0x56052a01b9f0 (13 bytes)
1685891816.384906 sending message 112 to peer 0x56052a01b9f0 (7 bytes)
1685891816.384940 sending message 112 to peer 0x56052a01b9f0 (13 bytes)
1685891816.384949 sending message 112 to peer 0x56052a01b9f0 (9 bytes)
1685891816.384956 sending message 112 to peer 0x56052a01b9f0 (21 bytes)
1685891816.384961 sending message 112 to peer 0x56052a01b9f0 (13 bytes)
1685891816.384966 sending message 112 to peer 0x56052a01b9f0 (8 bytes)
1685891816.384970 sending message 112 to peer 0x56052a01b9f0 (12 bytes)
1685891816.384975 sending message 112 to peer 0x56052a01b9f0 (13 bytes)
1685891816.384981 sending message 112 to peer 0x56052a01b9f0 (9 bytes)
1685891816.384990 sending message 112 to peer 0x56052a01b9f0 (9 bytes)
1685891816.384999 sending message 112 to peer 0x56052a01b9f0 (12 bytes)
1685891816.385007 sending message 112 to peer 0x56052a01b9f0 (8 bytes)
1685891816.385015 sending message 112 to peer 0x56052a01b9f0 (7 bytes)
1685891816.385024 sending message 112 to peer 0x56052a01b9f0 (7 bytes)
1685891816.385032 sending message 112 to peer 0x56052a01b9f0 (9 bytes)
1685891816.385039 sending message 112 to peer 0x56052a01b9f0 (13 bytes)
1685891816.385047 sending message 112 to peer 0x56052a01b9f0 (9 bytes)
1685891816.385057 sending message 112 to peer 0x56052a01b9f0 (15 bytes)
1685891816.385065 sending message 112 to peer 0x56052a01b9f0 (13 bytes)
1685891816.385072 sending message 112 to peer 0x56052a01b9f0 (12 bytes)
1685891816.385081 sending message 112 to peer 0x56052a01b9f0 (8 bytes)
1685891816.385089 sending message 112 to peer 0x56052a01b9f0 (14 bytes)
1685891816.385096 sending message 112 to peer 0x56052a01b9f0 (9 bytes)
1685891816.385101 sending message 112 to peer 0x56052a01b9f0 (10 bytes)
1685891816.385106 sending message 112 to peer 0x56052a01b9f0 (10 bytes)
1685891816.385111 sending message 112 to peer 0x56052a01b9f0 (10 bytes)
1685891816.385116 sending message 112 to peer 0x56052a01b9f0 (10 bytes)
1685891816.385122 sending message 112 to peer 0x56052a01b9f0 (11 bytes)
1685891816.385127 sending message 112 to peer 0x56052a01b9f0 (10 bytes)
1685891816.385132 sending message 112 to peer 0x56052a01b9f0 (8 bytes)
1685891816.385137 sending message 112 to peer 0x56052a01b9f0 (11 bytes)
1685891816.385154 sending message 112 to peer 0x56052a01b9f0 (11 bytes)
1685891816.385160 sending message 112 to peer 0x56052a01b9f0 (11 bytes)
1685891816.385165 sending message 112 to peer 0x56052a01b9f0 (8 bytes)
1685891816.385171 sending message 112 to peer 0x56052a01b9f0 (8 bytes)
1685891816.385176 sending message 112 to peer 0x56052a01b9f0 (8 bytes)
1685891816.385181 sending message 112 to peer 0x56052a01b9f0 (10 bytes)
1685891816.385185 sending message 112 to peer 0x56052a01b9f0 (10 bytes)
1685891816.385190 sending message 112 to peer 0x56052a01b9f0 (10 bytes)
1685891816.385195 sending message 112 to peer 0x56052a01b9f0 (10 bytes)
1685891816.385199 sending message 112 to peer 0x56052a01b9f0 (10 bytes)
1685891816.385204 sending message 112 to peer 0x56052a01b9f0 (11 bytes)
1685891816.385209 sending message 112 to peer 0x56052a01b9f0 (11 bytes)
1685891816.385214 sending message 112 to peer 0x56052a01b9f0 (10 bytes)
1685891816.385219 sending message 112 to peer 0x56052a01b9f0 (9 bytes)
1685891816.385224 sending message 112 to peer 0x56052a01b9f0 (9 bytes)
1685891816.385229 sending message 112 to peer 0x56052a01b9f0 (12 bytes)
1685891816.385234 sending message 112 to peer 0x56052a01b9f0 (9 bytes)
1685891816.385239 sending message 112 to peer 0x56052a01b9f0 (6 bytes)
1685891816.385244 sending message 112 to peer 0x56052a01b9f0 (13 bytes)
1685891816.385250 sending message 112 to peer 0x56052a01b9f0 (8 bytes)
1685891816.385255 sending message 112 to peer 0x56052a01b9f0 (15 bytes)
1685891816.385260 sending message 112 to peer 0x56052a01b9f0 (13 bytes)
1685891816.385265 sending message 112 to peer 0x56052a01b9f0 (70 bytes)
1685891816.385270 sending message 112 to peer 0x56052a01b9f0 (69 bytes)
1685891816.385275 sending message 112 to peer 0x56052a01b9f0 (10 bytes)
1685891816.385280 sending message 112 to peer 0x56052a01b9f0 (8 bytes)
1685891816.385285 sending message 112 to peer 0x56052a01b9f0 (15 bytes)
1685891816.385290 sending message 112 to peer 0x56052a01b9f0 (13 bytes)
1685891816.385295 sending message 112 to peer 0x56052a01b9f0 (10 bytes)
1685891816.385301 sending message 112 to peer 0x56052a01b9f0 (10 bytes)
1685891816.385306 sending message 112 to peer 0x56052a01b9f0 (5 bytes)
1685891816.385311 sending message 112 to peer 0x56052a01b9f0 (15 bytes)
1685891816.385318 sending message 104 to peer 0x56052a01b9f0 (0 bytes)
1685891816.385323 sending message 110 to peer 0x56052a01b9f0 (0 bytes)
1685891816.385330 sending message 107 to peer 0x56052a01b9f0 (4 bytes)
1685891816.385335 sending message 105 to peer 0x56052a01b9f0 (22 bytes)
1685891816.385341 sending message 105 to peer 0x56052a01b9f0 (23 bytes)
1685891816.385345 sending message 105 to peer 0x56052a01b9f0 (20 bytes)
1685891816.385350 sending message 105 to peer 0x56052a01b9f0 (54 bytes)
1685891816.385356 sending message 105 to peer 0x56052a01b9f0 (50 bytes)
1685891816.385361 sending message 105 to peer 0x56052a01b9f0 (19 bytes)
1685891816.385367 sending message 105 to peer 0x56052a01b9f0 (11 bytes)
1685891816.385371 sending message 105 to peer 0x56052a01b9f0 (12 bytes)
1685891816.385377 sending message 105 to peer 0x56052a01b9f0 (15 bytes)
1685891816.385382 sending message 105 to peer 0x56052a01b9f0 (16 bytes)
1685891816.385386 sending message 105 to peer 0x56052a01b9f0 (39 bytes)
1685891816.385392 sending message 105 to peer 0x56052a01b9f0 (17 bytes)
1685891816.385397 sending message 105 to peer 0x56052a01b9f0 (12 bytes)
1685891816.385404 sending message 105 to peer 0x56052a01b9f0 (9618 bytes)
1685891816.385425 sending message 105 to peer 0x56052a01b9f0 (13 bytes)
1685891816.385431 sending message 105 to peer 0x56052a01b9f0 (30 bytes)
1685891816.385437 sending message 105 to peer 0x56052a01b9f0 (67 bytes)
1685891816.385442 sending message 105 to peer 0x56052a01b9f0 (12 bytes)
1685891816.385448 sending message 105 to peer 0x56052a01b9f0 (472 bytes)
1685891816.385453 sending message 105 to peer 0x56052a01b9f0 (40 bytes)
1685891816.385459 sending message 105 to peer 0x56052a01b9f0 (27 bytes)
1685891816.385464 sending message 105 to peer 0x56052a01b9f0 (19 bytes)
1685891816.385475 sending message 105 to peer 0x56052a01b9f0 (8 bytes)
1685891816.385481 sending message 105 to peer 0x56052a01b9f0 (21 bytes)
1685891816.385486 sending message 105 to peer 0x56052a01b9f0 (18 bytes)
1685891816.385491 sending message 105 to peer 0x56052a01b9f0 (26 bytes)
1685891816.385496 sending message 105 to peer 0x56052a01b9f0 (37 bytes)
1685891816.385501 sending message 105 to peer 0x56052a01b9f0 (13 bytes)
1685891816.385507 sending message 105 to peer 0x56052a01b9f0 (50 bytes)
1685891816.385512 sending message 105 to peer 0x56052a01b9f0 (9 bytes)
1685891816.385517 sending message 105 to peer 0x56052a01b9f0 (26 bytes)
1685891816.385523 sending message 105 to peer 0x56052a01b9f0 (24 bytes)
1685891816.385528 sending message 105 to peer 0x56052a01b9f0 (33 bytes)
1685891816.385533 sending message 105 to peer 0x56052a01b9f0 (21 bytes)
1685891816.385539 sending message 105 to peer 0x56052a01b9f0 (36 bytes)
1685891816.385544 sending message 105 to peer 0x56052a01b9f0 (53 bytes)
1685891816.385549 sending message 105 to peer 0x56052a01b9f0 (48 bytes)
1685891816.385554 sending message 105 to peer 0x56052a01b9f0 (32 bytes)
1685891816.385559 sending message 105 to peer 0x56052a01b9f0 (43 bytes)
1685891816.385564 sending message 105 to peer 0x56052a01b9f0 (27 bytes)
1685891816.385569 sending message 105 to peer 0x56052a01b9f0 (26 bytes)
1685891816.385574 sending message 105 to peer 0x56052a01b9f0 (26 bytes)
1685891816.385579 sending message 105 to peer 0x56052a01b9f0 (17 bytes)
1685891816.385584 sending message 105 to peer 0x56052a01b9f0 (24 bytes)
1685891816.385590 sending message 105 to peer 0x56052a01b9f0 (20 bytes)
1685891816.385595 sending message 105 to peer 0x56052a01b9f0 (17 bytes)
1685891816.385600 sending message 105 to peer 0x56052a01b9f0 (10 bytes)
1685891816.385605 sending message 106 to peer 0x56052a01b9f0 (0 bytes)
1685891816.385703 sending message 200 to peer 0x56052a01b9f0 (4 bytes)
1685891816.385718 client loop enter
1685891816.389719 peer 0x56052a01b9f0 message 303
1685891816.390119 open write file 2 -
1685891816.390212 sending message 305 to peer 0x56052a01b9f0 (8 bytes)
1685891816.390319 write check file 2
1685891816.390889 peer 0x56052a01b9f0 message 304
1685891816.391014 write 58 to file 2
1685891816.391030 peer 0x56052a01b9f0 message 203
1685891816.391035 file 2 58 bytes left
1685891816.391090 write check file 2
1685891816.391102 client loop exit
